execve("./race", ["./race", "config/local/aircraft-ww.conf"], 0x7ffc613e46d8 /* 72 vars */) = 0
brk(NULL)                               = 0x55f800121000
access("/etc/ld.so.nohwcap", F_OK)      = -1 ENOENT (No such file or directory)
access("/etc/ld.so.preload", R_OK)      = -1 ENOENT (No such file or directory)
openat(AT_FDCWD, "/etc/ld.so.cache", O_RDONLY|O_CLOEXEC) = 3
fstat(3, {st_mode=S_IFREG|0644, st_size=217755, ...}) = 0
mmap(NULL, 217755, PROT_READ, MAP_PRIVATE, 3, 0) = 0x7f3915356000
close(3)                                = 0
access("/etc/ld.so.nohwcap", F_OK)      = -1 ENOENT (No such file or directory)
openat(AT_FDCWD, "/lib/x86_64-linux-gnu/libc.so.6", O_RDONLY|O_CLOEXEC) = 3
read(3, "\177ELF\2\1\1\3\0\0\0\0\0\0\0\0\3\0>\0\1\0\0\0\260\34\2\0\0\0\0\0"..., 832) = 832
fstat(3, {st_mode=S_IFREG|0755, st_size=2030544, ...}) = 0
mmap(NULL, 8192, PROT_READ|PROT_WRITE, MAP_PRIVATE|MAP_ANONYMOUS, -1, 0) = 0x7f3915354000
mmap(NULL, 4131552, PROT_READ|PROT_EXEC, MAP_PRIVATE|MAP_DENYWRITE, 3, 0) = 0x7f3914d74000
mprotect(0x7f3914f5b000, 2097152, PROT_NONE) = 0
mmap(0x7f391515b000, 24576, PROT_READ|PROT_WRITE, MAP_PRIVATE|MAP_FIXED|MAP_DENYWRITE, 3, 0x1e7000) = 0x7f391515b000
mmap(0x7f3915161000, 15072, PROT_READ|PROT_WRITE, MAP_PRIVATE|MAP_FIXED|MAP_ANONYMOUS, -1, 0) = 0x7f3915161000
close(3)                                = 0
arch_prctl(ARCH_SET_FS, 0x7f3915355540) = 0
mprotect(0x7f391515b000, 16384, PROT_READ) = 0
mprotect(0x55f7ffa62000, 4096, PROT_READ) = 0
mprotect(0x7f391538c000, 4096, PROT_READ) = 0
munmap(0x7f3915356000, 217755)          = 0
openat(AT_FDCWD, "/usr/lib/locale/locale-archive", O_RDONLY|O_CLOEXEC) = 3
fstat(3, {st_mode=S_IFREG|0644, st_size=3312304, ...}) = 0
mmap(NULL, 3312304, PROT_READ, MAP_PRIVATE, 3, 0) = 0x7f3914a4b000
close(3)                                = 0
brk(NULL)                               = 0x55f800121000
brk(0x55f800142000)                     = 0x55f800142000
execve("/home/pmehlitz/anaconda3/bin/bash", ["bash", "./race", "config/local/aircraft-ww.conf"], 0x7fff20a745c0 /* 72 vars */) = -1 ENOENT (No such file or directory)
execve("/home/pmehlitz/bin/bash", ["bash", "./race", "config/local/aircraft-ww.conf"], 0x7fff20a745c0 /* 72 vars */) = -1 ENOENT (No such file or directory)
execve("/home/pmehlitz/.cargo/bin/bash", ["bash", "./race", "config/local/aircraft-ww.conf"], 0x7fff20a745c0 /* 72 vars */) = -1 ENOENT (No such file or directory)
execve("/usr/local/sbin/bash", ["bash", "./race", "config/local/aircraft-ww.conf"], 0x7fff20a745c0 /* 72 vars */) = -1 ENOENT (No such file or directory)
execve("/usr/local/bin/bash", ["bash", "./race", "config/local/aircraft-ww.conf"], 0x7fff20a745c0 /* 72 vars */) = -1 ENOENT (No such file or directory)
execve("/usr/sbin/bash", ["bash", "./race", "config/local/aircraft-ww.conf"], 0x7fff20a745c0 /* 72 vars */) = -1 ENOENT (No such file or directory)
execve("/usr/bin/bash", ["bash", "./race", "config/local/aircraft-ww.conf"], 0x7fff20a745c0 /* 72 vars */) = -1 ENOENT (No such file or directory)
execve("/sbin/bash", ["bash", "./race", "config/local/aircraft-ww.conf"], 0x7fff20a745c0 /* 72 vars */) = -1 ENOENT (No such file or directory)
execve("/bin/bash", ["bash", "./race", "config/local/aircraft-ww.conf"], 0x7fff20a745c0 /* 72 vars */) = 0
brk(NULL)                               = 0x55a877072000
access("/etc/ld.so.nohwcap", F_OK)      = -1 ENOENT (No such file or directory)
access("/etc/ld.so.preload", R_OK)      = -1 ENOENT (No such file or directory)
openat(AT_FDCWD, "/etc/ld.so.cache", O_RDONLY|O_CLOEXEC) = 3
fstat(3, {st_mode=S_IFREG|0644, st_size=217755, ...}) = 0
mmap(NULL, 217755, PROT_READ, MAP_PRIVATE, 3, 0) = 0x7f7260137000
close(3)                                = 0
access("/etc/ld.so.nohwcap", F_OK)      = -1 ENOENT (No such file or directory)
openat(AT_FDCWD, "/lib/x86_64-linux-gnu/libtinfo.so.5", O_RDONLY|O_CLOEXEC) = 3
read(3, "\177ELF\2\1\1\0\0\0\0\0\0\0\0\0\3\0>\0\1\0\0\0\220\311\0\0\0\0\0\0"..., 832) = 832
fstat(3, {st_mode=S_IFREG|0644, st_size=170784, ...}) = 0
mmap(NULL, 8192, PROT_READ|PROT_WRITE, MAP_PRIVATE|MAP_ANONYMOUS, -1, 0) = 0x7f7260135000
mmap(NULL, 2267936, PROT_READ|PROT_EXEC, MAP_PRIVATE|MAP_DENYWRITE, 3, 0) = 0x7f725fd1c000
mprotect(0x7f725fd41000, 2097152, PROT_NONE) = 0
mmap(0x7f725ff41000, 20480, PROT_READ|PROT_WRITE, MAP_PRIVATE|MAP_FIXED|MAP_DENYWRITE, 3, 0x25000) = 0x7f725ff41000
close(3)                                = 0
access("/etc/ld.so.nohwcap", F_OK)      = -1 ENOENT (No such file or directory)
openat(AT_FDCWD, "/lib/x86_64-linux-gnu/libdl.so.2", O_RDONLY|O_CLOEXEC) = 3
read(3, "\177ELF\2\1\1\0\0\0\0\0\0\0\0\0\3\0>\0\1\0\0\0P\16\0\0\0\0\0\0"..., 832) = 832
fstat(3, {st_mode=S_IFREG|0644, st_size=14560, ...}) = 0
mmap(NULL, 2109712, PROT_READ|PROT_EXEC, MAP_PRIVATE|MAP_DENYWRITE, 3, 0) = 0x7f725fb18000
mprotect(0x7f725fb1b000, 2093056, PROT_NONE) = 0
mmap(0x7f725fd1a000, 8192, PROT_READ|PROT_WRITE, MAP_PRIVATE|MAP_FIXED|MAP_DENYWRITE, 3, 0x2000) = 0x7f725fd1a000
close(3)                                = 0
access("/etc/ld.so.nohwcap", F_OK)      = -1 ENOENT (No such file or directory)
openat(AT_FDCWD, "/lib/x86_64-linux-gnu/libc.so.6", O_RDONLY|O_CLOEXEC) = 3
read(3, "\177ELF\2\1\1\3\0\0\0\0\0\0\0\0\3\0>\0\1\0\0\0\260\34\2\0\0\0\0\0"..., 832) = 832
fstat(3, {st_mode=S_IFREG|0755, st_size=2030544, ...}) = 0
mmap(NULL, 4131552, PROT_READ|PROT_EXEC, MAP_PRIVATE|MAP_DENYWRITE, 3, 0) = 0x7f725f727000
mprotect(0x7f725f90e000, 2097152, PROT_NONE) = 0
mmap(0x7f725fb0e000, 24576, PROT_READ|PROT_WRITE, MAP_PRIVATE|MAP_FIXED|MAP_DENYWRITE, 3, 0x1e7000) = 0x7f725fb0e000
mmap(0x7f725fb14000, 15072, PROT_READ|PROT_WRITE, MAP_PRIVATE|MAP_FIXED|MAP_ANONYMOUS, -1, 0) = 0x7f725fb14000
close(3)                                = 0
mmap(NULL, 12288, PROT_READ|PROT_WRITE, MAP_PRIVATE|MAP_ANONYMOUS, -1, 0) = 0x7f7260132000
arch_prctl(ARCH_SET_FS, 0x7f7260132740) = 0
mprotect(0x7f725fb0e000, 16384, PROT_READ) = 0
mprotect(0x7f725fd1a000, 4096, PROT_READ) = 0
mprotect(0x7f725ff41000, 16384, PROT_READ) = 0
mprotect(0x55a875100000, 16384, PROT_READ) = 0
mprotect(0x7f726016d000, 4096, PROT_READ) = 0
munmap(0x7f7260137000, 217755)          = 0
openat(AT_FDCWD, "/dev/tty", O_RDWR|O_NONBLOCK) = 3
close(3)                                = 0
openat(AT_FDCWD, "/usr/lib/locale/locale-archive", O_RDONLY|O_CLOEXEC) = 3
fstat(3, {st_mode=S_IFREG|0644, st_size=3312304, ...}) = 0
mmap(NULL, 3312304, PROT_READ, MAP_PRIVATE, 3, 0) = 0x7f725f3fe000
close(3)                                = 0
brk(NULL)                               = 0x55a877072000
brk(0x55a877093000)                     = 0x55a877093000
getuid()                                = 154307
getgid()                                = 66053
geteuid()                               = 154307
getegid()                               = 66053
rt_sigprocmask(SIG_BLOCK, NULL, [], 8)  = 0
ioctl(-1, TIOCGPGRP, 0x7ffc96cd1214)    = -1 EBADF (Bad file descriptor)
sysinfo({uptime=106, loads=[97888, 53696, 20800], totalram=67448733696, freeram=65188167680, sharedram=9482240, bufferram=2158592, totalswap=32000438272, freeswap=32000438272, procs=599, totalhigh=0, freehigh=0, mem_unit=1}) = 0
rt_sigaction(SIGCHLD, {sa_handler=SIG_DFL, sa_mask=[], sa_flags=SA_RESTORER|SA_RESTART, sa_restorer=0x7f725f765f20}, {sa_handler=SIG_DFL, sa_mask=[], sa_flags=0}, 8) = 0
rt_sigaction(SIGCHLD, {sa_handler=SIG_DFL, sa_mask=[], sa_flags=SA_RESTORER|SA_RESTART, sa_restorer=0x7f725f765f20}, {sa_handler=SIG_DFL, sa_mask=[], sa_flags=SA_RESTORER|SA_RESTART, sa_restorer=0x7f725f765f20}, 8) = 0
rt_sigaction(SIGINT, {sa_handler=SIG_DFL, sa_mask=[], sa_flags=SA_RESTORER, sa_restorer=0x7f725f765f20}, {sa_handler=SIG_DFL, sa_mask=[], sa_flags=0}, 8) = 0
rt_sigaction(SIGINT, {sa_handler=SIG_DFL, sa_mask=[], sa_flags=SA_RESTORER, sa_restorer=0x7f725f765f20}, {sa_handler=SIG_DFL, sa_mask=[], sa_flags=SA_RESTORER, sa_restorer=0x7f725f765f20}, 8) = 0
rt_sigaction(SIGQUIT, {sa_handler=SIG_DFL, sa_mask=[], sa_flags=SA_RESTORER, sa_restorer=0x7f725f765f20}, {sa_handler=SIG_DFL, sa_mask=[], sa_flags=0}, 8) = 0
rt_sigaction(SIGQUIT, {sa_handler=SIG_DFL, sa_mask=[], sa_flags=SA_RESTORER, sa_restorer=0x7f725f765f20}, {sa_handler=SIG_DFL, sa_mask=[], sa_flags=SA_RESTORER, sa_restorer=0x7f725f765f20}, 8) = 0
rt_sigaction(SIGTSTP, {sa_handler=SIG_DFL, sa_mask=[], sa_flags=SA_RESTORER, sa_restorer=0x7f725f765f20}, {sa_handler=SIG_DFL, sa_mask=[], sa_flags=0}, 8) = 0
rt_sigaction(SIGTSTP, {sa_handler=SIG_DFL, sa_mask=[], sa_flags=SA_RESTORER, sa_restorer=0x7f725f765f20}, {sa_handler=SIG_DFL, sa_mask=[], sa_flags=SA_RESTORER, sa_restorer=0x7f725f765f20}, 8) = 0
rt_sigaction(SIGTTIN, {sa_handler=SIG_DFL, sa_mask=[], sa_flags=SA_RESTORER, sa_restorer=0x7f725f765f20}, {sa_handler=SIG_DFL, sa_mask=[], sa_flags=0}, 8) = 0
rt_sigaction(SIGTTIN, {sa_handler=SIG_DFL, sa_mask=[], sa_flags=SA_RESTORER, sa_restorer=0x7f725f765f20}, {sa_handler=SIG_DFL, sa_mask=[], sa_flags=SA_RESTORER, sa_restorer=0x7f725f765f20}, 8) = 0
rt_sigaction(SIGTTOU, {sa_handler=SIG_DFL, sa_mask=[], sa_flags=SA_RESTORER, sa_restorer=0x7f725f765f20}, {sa_handler=SIG_DFL, sa_mask=[], sa_flags=0}, 8) = 0
rt_sigaction(SIGTTOU, {sa_handler=SIG_DFL, sa_mask=[], sa_flags=SA_RESTORER, sa_restorer=0x7f725f765f20}, {sa_handler=SIG_DFL, sa_mask=[], sa_flags=SA_RESTORER, sa_restorer=0x7f725f765f20}, 8) = 0
rt_sigprocmask(SIG_BLOCK, NULL, [], 8)  = 0
rt_sigaction(SIGQUIT, {sa_handler=SIG_IGN, sa_mask=[], sa_flags=SA_RESTORER, sa_restorer=0x7f725f765f20}, {sa_handler=SIG_DFL, sa_mask=[], sa_flags=SA_RESTORER, sa_restorer=0x7f725f765f20}, 8) = 0
uname({sysname="Linux", nodename="monster.ndc.nasa.gov", ...}) = 0
stat("/home/pmehlitz/projects/race/race", {st_mode=S_IFDIR|0755, st_size=4096, ...}) = 0
stat(".", {st_mode=S_IFDIR|0755, st_size=4096, ...}) = 0
stat("/home", {st_mode=S_IFDIR|0755, st_size=103, ...}) = 0
stat("/home/pmehlitz", {st_mode=S_IFDIR|0755, st_size=4096, ...}) = 0
stat("/home/pmehlitz/projects", {st_mode=S_IFDIR|0755, st_size=81, ...}) = 0
stat("/home/pmehlitz/projects/race", {st_mode=S_IFDIR|0755, st_size=105, ...}) = 0
stat("/home/pmehlitz/projects/race/race", {st_mode=S_IFDIR|0755, st_size=4096, ...}) = 0
stat("/home/pmehlitz", {st_mode=S_IFDIR|0755, st_size=4096, ...}) = 0
getpid()                                = 2777
getppid()                               = 2775
stat(".", {st_mode=S_IFDIR|0755, st_size=4096, ...}) = 0
stat("/home/pmehlitz/anaconda3/bin/bash", 0x7ffc96cd0e90) = -1 ENOENT (No such file or directory)
stat("/home/pmehlitz/bin/bash", 0x7ffc96cd0e90) = -1 ENOENT (No such file or directory)
stat("/home/pmehlitz/.cargo/bin/bash", 0x7ffc96cd0e90) = -1 ENOENT (No such file or directory)
stat("/usr/local/sbin/bash", 0x7ffc96cd0e90) = -1 ENOENT (No such file or directory)
stat("/usr/local/bin/bash", 0x7ffc96cd0e90) = -1 ENOENT (No such file or directory)
stat("/usr/sbin/bash", 0x7ffc96cd0e90)  = -1 ENOENT (No such file or directory)
stat("/usr/bin/bash", 0x7ffc96cd0e90)   = -1 ENOENT (No such file or directory)
stat("/sbin/bash", 0x7ffc96cd0e90)      = -1 ENOENT (No such file or directory)
stat("/bin/bash", {st_mode=S_IFREG|0755, st_size=1113504, ...}) = 0
stat("/bin/bash", {st_mode=S_IFREG|0755, st_size=1113504, ...}) = 0
geteuid()                               = 154307
getegid()                               = 66053
getuid()                                = 154307
getgid()                                = 66053
access("/bin/bash", X_OK)               = 0
stat("/bin/bash", {st_mode=S_IFREG|0755, st_size=1113504, ...}) = 0
geteuid()                               = 154307
getegid()                               = 66053
getuid()                                = 154307
getgid()                                = 66053
access("/bin/bash", R_OK)               = 0
stat("/bin/bash", {st_mode=S_IFREG|0755, st_size=1113504, ...}) = 0
stat("/bin/bash", {st_mode=S_IFREG|0755, st_size=1113504, ...}) = 0
geteuid()                               = 154307
getegid()                               = 66053
getuid()                                = 154307
getgid()                                = 66053
access("/bin/bash", X_OK)               = 0
stat("/bin/bash", {st_mode=S_IFREG|0755, st_size=1113504, ...}) = 0
geteuid()                               = 154307
getegid()                               = 66053
getuid()                                = 154307
getgid()                                = 66053
access("/bin/bash", R_OK)               = 0
getpid()                                = 2777
getpgrp()                               = 2775
ioctl(2, TIOCGPGRP, [2775])             = 0
rt_sigaction(SIGCHLD, {sa_handler=0x55a874e54660, sa_mask=[], sa_flags=SA_RESTORER|SA_RESTART, sa_restorer=0x7f725f765f20}, {sa_handler=SIG_DFL, sa_mask=[], sa_flags=SA_RESTORER|SA_RESTART, sa_restorer=0x7f725f765f20}, 8) = 0
prlimit64(0, RLIMIT_NPROC, NULL, {rlim_cur=257029, rlim_max=257029}) = 0
rt_sigprocmask(SIG_BLOCK, NULL, [], 8)  = 0
openat(AT_FDCWD, "./race", O_RDONLY)    = 3
stat("./race", {st_mode=S_IFREG|0744, st_size=9408, ...}) = 0
ioctl(3, TCGETS, 0x7ffc96cd11a0)        = -1 ENOTTY (Inappropriate ioctl for device)
lseek(3, 0, SEEK_CUR)                   = 0
read(3, "#!/usr/bin/env bash\n\n###  ------"..., 80) = 80
lseek(3, 0, SEEK_SET)                   = 0
prlimit64(0, RLIMIT_NOFILE, NULL, {rlim_cur=1024, rlim_max=1024*1024}) = 0
fcntl(255, F_GETFD)                     = -1 EBADF (Bad file descriptor)
dup2(3, 255)                            = 255
close(3)                                = 0
fcntl(255, F_SETFD, FD_CLOEXEC)         = 0
fcntl(255, F_GETFL)                     = 0x8000 (flags O_RDONLY|O_LARGEFILE)
fstat(255, {st_mode=S_IFREG|0744, st_size=9408, ...}) = 0
lseek(255, 0, SEEK_CUR)                 = 0
read(255, "#!/usr/bin/env bash\n\n###  ------"..., 8192) = 8192
openat(AT_FDCWD, "/usr/lib/x86_64-linux-gnu/gconv/gconv-modules.cache", O_RDONLY) = 3
fstat(3, {st_mode=S_IFREG|0644, st_size=26376, ...}) = 0
mmap(NULL, 26376, PROT_READ, MAP_SHARED, 3, 0) = 0x7f7260166000
close(3)                                = 0
openat(AT_FDCWD, "/usr/lib/x86_64-linux-gnu/gconv/ISO8859-1.so", O_RDONLY|O_CLOEXEC) = 3
read(3, "\177ELF\2\1\1\0\0\0\0\0\0\0\0\0\3\0>\0\1\0\0\0\0\6\0\0\0\0\0\0"..., 832) = 832
fstat(3, {st_mode=S_IFREG|0644, st_size=10320, ...}) = 0
mmap(NULL, 2105416, PROT_READ|PROT_EXEC, MAP_PRIVATE|MAP_DENYWRITE, 3, 0) = 0x7f725f1fb000
mprotect(0x7f725f1fd000, 2093056, PROT_NONE) = 0
mmap(0x7f725f3fc000, 8192, PROT_READ|PROT_WRITE, MAP_PRIVATE|MAP_FIXED|MAP_DENYWRITE, 3, 0x1000) = 0x7f725f3fc000
close(3)                                = 0
mprotect(0x7f725f3fc000, 4096, PROT_READ) = 0
brk(0x55a8770b4000)                     = 0x55a8770b4000
read(255, " e.g.) enabling debug and sendin"..., 8192) = 1216
rt_sigprocmask(SIG_BLOCK, NULL, [], 8)  = 0
rt_sigprocmask(SIG_BLOCK, NULL, [], 8)  = 0
pipe([3, 4])                            = 0
rt_sigprocmask(SIG_BLOCK, [CHLD], [], 8) = 0
rt_sigprocmask(SIG_SETMASK, [], NULL, 8) = 0
rt_sigprocmask(SIG_BLOCK, [INT CHLD], [], 8) = 0
lseek(255, -633, SEEK_CUR)              = 8775
clone(child_stack=NULL, flags=CLONE_CHILD_CLEARTID|CLONE_CHILD_SETTID|SIGCHLD, child_tidptr=0x7f7260132a10) = 2778
rt_sigprocmask(SIG_SETMASK, [], NULL, 8) = 0
rt_sigaction(SIGCHLD, {sa_handler=0x55a874e54660, sa_mask=[], sa_flags=SA_RESTORER|SA_RESTART, sa_restorer=0x7f725f765f20}, {sa_handler=0x55a874e54660, sa_mask=[], sa_flags=SA_RESTORER|SA_RESTART, sa_restorer=0x7f725f765f20}, 8) = 0
close(4)                                = 0
read(3, "/home/pmehlitz/projects/race/rac"..., 128) = 66
read(3, "", 128)                        = 0
--- SIGCHLD {si_signo=SIGCHLD, si_code=CLD_EXITED, si_pid=2778, si_uid=154307, si_status=0, si_utime=0, si_stime=0} ---
wait4(-1, [{WIFEXITED(s) && WEXITSTATUS(s) == 0}], WNOHANG, NULL) = 2778
wait4(-1, 0x7ffc96cd0450, WNOHANG, NULL) = -1 ECHILD (No child processes)
rt_sigreturn({mask=[]})                 = 0
close(3)                                = 0
rt_sigprocmask(SIG_BLOCK, [CHLD], [], 8) = 0
rt_sigaction(SIGINT, {sa_handler=0x55a874e51030, sa_mask=[], sa_flags=SA_RESTORER, sa_restorer=0x7f725f765f20}, {sa_handler=SIG_DFL, sa_mask=[], sa_flags=SA_RESTORER, sa_restorer=0x7f725f765f20}, 8) = 0
rt_sigaction(SIGINT, {sa_handler=SIG_DFL, sa_mask=[], sa_flags=SA_RESTORER, sa_restorer=0x7f725f765f20}, {sa_handler=0x55a874e51030, sa_mask=[], sa_flags=SA_RESTORER, sa_restorer=0x7f725f765f20}, 8) = 0
rt_sigprocmask(SIG_SETMASK, [], NULL, 8) = 0
read(255, "declare -r app_home=\"$(realpath "..., 8192) = 633
rt_sigprocmask(SIG_BLOCK, NULL, [], 8)  = 0
rt_sigprocmask(SIG_BLOCK, NULL, [], 8)  = 0
pipe([3, 4])                            = 0
rt_sigprocmask(SIG_BLOCK, [CHLD], [], 8) = 0
rt_sigprocmask(SIG_SETMASK, [], NULL, 8) = 0
rt_sigprocmask(SIG_BLOCK, [INT CHLD], [], 8) = 0
lseek(255, -566, SEEK_CUR)              = 8842
clone(child_stack=NULL, flags=CLONE_CHILD_CLEARTID|CLONE_CHILD_SETTID|SIGCHLD, child_tidptr=0x7f7260132a10) = 2791
rt_sigprocmask(SIG_SETMASK, [], NULL, 8) = 0
rt_sigaction(SIGCHLD, {sa_handler=0x55a874e54660, sa_mask=[], sa_flags=SA_RESTORER|SA_RESTART, sa_restorer=0x7f725f765f20}, {sa_handler=0x55a874e54660, sa_mask=[], sa_flags=SA_RESTORER|SA_RESTART, sa_restorer=0x7f725f765f20}, 8) = 0
close(4)                                = 0
read(3, "/home/pmehlitz/projects/race/rac"..., 128) = 61
read(3, "", 128)                        = 0
--- SIGCHLD {si_signo=SIGCHLD, si_code=CLD_EXITED, si_pid=2791, si_uid=154307, si_status=0, si_utime=0, si_stime=0} ---
wait4(-1, [{WIFEXITED(s) && WEXITSTATUS(s) == 0}], WNOHANG, NULL) = 2791
wait4(-1, 0x7ffc96cd0450, WNOHANG, NULL) = -1 ECHILD (No child processes)
rt_sigreturn({mask=[]})                 = 0
close(3)                                = 0
rt_sigprocmask(SIG_BLOCK, [CHLD], [], 8) = 0
rt_sigaction(SIGINT, {sa_handler=0x55a874e51030, sa_mask=[], sa_flags=SA_RESTORER, sa_restorer=0x7f725f765f20}, {sa_handler=SIG_DFL, sa_mask=[], sa_flags=SA_RESTORER, sa_restorer=0x7f725f765f20}, 8) = 0
rt_sigaction(SIGINT, {sa_handler=SIG_DFL, sa_mask=[], sa_flags=SA_RESTORER, sa_restorer=0x7f725f765f20}, {sa_handler=0x55a874e51030, sa_mask=[], sa_flags=SA_RESTORER, sa_restorer=0x7f725f765f20}, 8) = 0
rt_sigprocmask(SIG_SETMASK, [], NULL, 8) = 0
read(255, "# TODO - Check whether this is o"..., 8192) = 566
rt_sigprocmask(SIG_BLOCK, NULL, [], 8)  = 0
rt_sigprocmask(SIG_BLOCK, NULL, [], 8)  = 0
rt_sigprocmask(SIG_BLOCK, NULL, [], 8)  = 0
pipe([3, 4])                            = 0
rt_sigprocmask(SIG_BLOCK, [CHLD], [], 8) = 0
rt_sigprocmask(SIG_SETMASK, [], NULL, 8) = 0
rt_sigprocmask(SIG_BLOCK, [INT CHLD], [], 8) = 0
lseek(255, -465, SEEK_CUR)              = 8943
clone(child_stack=NULL, flags=CLONE_CHILD_CLEARTID|CLONE_CHILD_SETTID|SIGCHLD, child_tidptr=0x7f7260132a10) = 2800
rt_sigprocmask(SIG_SETMASK, [], NULL, 8) = 0
rt_sigaction(SIGCHLD, {sa_handler=0x55a874e54660, sa_mask=[], sa_flags=SA_RESTORER|SA_RESTART, sa_restorer=0x7f725f765f20}, {sa_handler=0x55a874e54660, sa_mask=[], sa_flags=SA_RESTORER|SA_RESTART, sa_restorer=0x7f725f765f20}, 8) = 0
close(4)                                = 0
read(3, "/home/pmehlitz/projects/race/rac"..., 128) = 61
read(3, "", 128)                        = 0
--- SIGCHLD {si_signo=SIGCHLD, si_code=CLD_EXITED, si_pid=2800, si_uid=154307, si_status=0, si_utime=0, si_stime=0} ---
wait4(-1, [{WIFEXITED(s) && WEXITSTATUS(s) == 0}], WNOHANG, NULL) = 2800
wait4(-1, 0x7ffc96cd0450, WNOHANG, NULL) = -1 ECHILD (No child processes)
rt_sigreturn({mask=[]})                 = 0
close(3)                                = 0
rt_sigprocmask(SIG_BLOCK, [CHLD], [], 8) = 0
rt_sigaction(SIGINT, {sa_handler=0x55a874e51030, sa_mask=[], sa_flags=SA_RESTORER, sa_restorer=0x7f725f765f20}, {sa_handler=SIG_DFL, sa_mask=[], sa_flags=SA_RESTORER, sa_restorer=0x7f725f765f20}, 8) = 0
rt_sigaction(SIGINT, {sa_handler=SIG_DFL, sa_mask=[], sa_flags=SA_RESTORER, sa_restorer=0x7f725f765f20}, {sa_handler=0x55a874e51030, sa_mask=[], sa_flags=SA_RESTORER, sa_restorer=0x7f725f765f20}, 8) = 0
rt_sigprocmask(SIG_SETMASK, [], NULL, 8) = 0
read(255, "declare -a app_mainclass=(-jar \""..., 8192) = 465
rt_sigprocmask(SIG_BLOCK, NULL, [], 8)  = 0
pipe([3, 4])                            = 0
rt_sigprocmask(SIG_BLOCK, [CHLD], [], 8) = 0
rt_sigprocmask(SIG_SETMASK, [], NULL, 8) = 0
rt_sigprocmask(SIG_BLOCK, [INT CHLD], [], 8) = 0
lseek(255, -192, SEEK_CUR)              = 9216
clone(child_stack=NULL, flags=CLONE_CHILD_CLEARTID|CLONE_CHILD_SETTID|SIGCHLD, child_tidptr=0x7f7260132a10) = 2807
rt_sigprocmask(SIG_SETMASK, [], NULL, 8) = 0
rt_sigaction(SIGCHLD, {sa_handler=0x55a874e54660, sa_mask=[], sa_flags=SA_RESTORER|SA_RESTART, sa_restorer=0x7f725f765f20}, {sa_handler=0x55a874e54660, sa_mask=[], sa_flags=SA_RESTORER|SA_RESTART, sa_restorer=0x7f725f765f20}, 8) = 0
close(4)                                = 0
read(3, "java\n", 128)                  = 5
read(3, "", 128)                        = 0
--- SIGCHLD {si_signo=SIGCHLD, si_code=CLD_EXITED, si_pid=2807, si_uid=154307, si_status=0, si_utime=0, si_stime=0} ---
wait4(-1, [{WIFEXITED(s) && WEXITSTATUS(s) == 0}], WNOHANG, NULL) = 2807
wait4(-1, 0x7ffc96cd0550, WNOHANG, NULL) = -1 ECHILD (No child processes)
rt_sigreturn({mask=[]})                 = 0
close(3)                                = 0
rt_sigprocmask(SIG_BLOCK, [CHLD], [], 8) = 0
rt_sigaction(SIGINT, {sa_handler=0x55a874e51030, sa_mask=[], sa_flags=SA_RESTORER, sa_restorer=0x7f725f765f20}, {sa_handler=SIG_DFL, sa_mask=[], sa_flags=SA_RESTORER, sa_restorer=0x7f725f765f20}, 8) = 0
rt_sigaction(SIGINT, {sa_handler=SIG_DFL, sa_mask=[], sa_flags=SA_RESTORER, sa_restorer=0x7f725f765f20}, {sa_handler=0x55a874e51030, sa_mask=[], sa_flags=SA_RESTORER, sa_restorer=0x7f725f765f20}, 8) = 0
rt_sigprocmask(SIG_SETMASK, [], NULL, 8) = 0
read(255, "\n# if configuration files exist,"..., 8192) = 192
stat("/home/pmehlitz/projects/race/race/target/universal/stage/bin/../conf/application.ini", 0x7ffc96cd0f10) = -1 ENOENT (No such file or directory)
openat(AT_FDCWD, "/dev/null", O_WRONLY|O_CREAT|O_TRUNC, 0666) = 3
fcntl(1, F_GETFD)                       = 0
fcntl(1, F_DUPFD, 10)                   = 10
fcntl(1, F_GETFD)                       = 0
fcntl(10, F_SETFD, FD_CLOEXEC)          = 0
dup2(3, 1)                              = 1
close(3)                                = 0
dup2(10, 1)                             = 1
fcntl(10, F_GETFD)                      = 0x1 (flags FD_CLOEXEC)
close(10)                               = 0
rt_sigprocmask(SIG_BLOCK, NULL, [], 8)  = 0
pipe([3, 4])                            = 0
rt_sigprocmask(SIG_BLOCK, [CHLD], [], 8) = 0
rt_sigprocmask(SIG_SETMASK, [], NULL, 8) = 0
rt_sigprocmask(SIG_BLOCK, [INT CHLD], [], 8) = 0
clone(child_stack=NULL, flags=CLONE_CHILD_CLEARTID|CLONE_CHILD_SETTID|SIGCHLD, child_tidptr=0x7f7260132a10) = 2808
rt_sigprocmask(SIG_SETMASK, [], NULL, 8) = 0
rt_sigaction(SIGCHLD, {sa_handler=0x55a874e54660, sa_mask=[], sa_flags=SA_RESTORER|SA_RESTART, sa_restorer=0x7f725f765f20}, {sa_handler=0x55a874e54660, sa_mask=[], sa_flags=SA_RESTORER|SA_RESTART, sa_restorer=0x7f725f765f20}, 8) = 0
close(4)                                = 0
read(3, "Linux\n", 128)                 = 6
read(3, "", 128)                        = 0
close(3)                                = 0
--- SIGCHLD {si_signo=SIGCHLD, si_code=CLD_EXITED, si_pid=2808, si_uid=154307, si_status=0, si_utime=0, si_stime=0} ---
wait4(-1, [{WIFEXITED(s) && WEXITSTATUS(s) == 0}], WNOHANG, NULL) = 2808
wait4(-1, 0x7ffc96ccf590, WNOHANG, NULL) = -1 ECHILD (No child processes)
rt_sigreturn({mask=[]})                 = 0
rt_sigprocmask(SIG_BLOCK, [CHLD], [], 8) = 0
rt_sigaction(SIGINT, {sa_handler=0x55a874e51030, sa_mask=[], sa_flags=SA_RESTORER, sa_restorer=0x7f725f765f20}, {sa_handler=SIG_DFL, sa_mask=[], sa_flags=SA_RESTORER, sa_restorer=0x7f725f765f20}, 8) = 0
rt_sigaction(SIGINT, {sa_handler=SIG_DFL, sa_mask=[], sa_flags=SA_RESTORER, sa_restorer=0x7f725f765f20}, {sa_handler=0x55a874e51030, sa_mask=[], sa_flags=SA_RESTORER, sa_restorer=0x7f725f765f20}, 8) = 0
rt_sigprocmask(SIG_SETMASK, [], NULL, 8) = 0
rt_sigprocmask(SIG_BLOCK, NULL, [], 8)  = 0
rt_sigprocmask(SIG_BLOCK, NULL, [], 8)  = 0
pipe([3, 4])                            = 0
rt_sigprocmask(SIG_BLOCK, [CHLD], [], 8) = 0
rt_sigprocmask(SIG_SETMASK, [], NULL, 8) = 0
rt_sigprocmask(SIG_BLOCK, [INT CHLD], [], 8) = 0
clone(child_stack=NULL, flags=CLONE_CHILD_CLEARTID|CLONE_CHILD_SETTID|SIGCHLD, child_tidptr=0x7f7260132a10) = 2809
rt_sigprocmask(SIG_SETMASK, [], NULL, 8) = 0
rt_sigaction(SIGCHLD, {sa_handler=0x55a874e54660, sa_mask=[], sa_flags=SA_RESTORER|SA_RESTART, sa_restorer=0x7f725f765f20}, {sa_handler=0x55a874e54660, sa_mask=[], sa_flags=SA_RESTORER|SA_RESTART, sa_restorer=0x7f725f765f20}, 8) = 0
close(4)                                = 0
read(3, "11.0.2\n", 128)                = 7
read(3, "", 128)                        = 0
--- SIGCHLD {si_signo=SIGCHLD, si_code=CLD_EXITED, si_pid=2809, si_uid=154307, si_status=0, si_utime=0, si_stime=0} ---
wait4(-1, [{WIFEXITED(s) && WEXITSTATUS(s) == 0}], WNOHANG, NULL) = 2809
wait4(-1, 0x7ffc96ccf690, WNOHANG, NULL) = -1 ECHILD (No child processes)
rt_sigreturn({mask=[]})                 = 0
close(3)                                = 0
rt_sigprocmask(SIG_BLOCK, [CHLD], [], 8) = 0
rt_sigaction(SIGINT, {sa_handler=0x55a874e51030, sa_mask=[], sa_flags=SA_RESTORER, sa_restorer=0x7f725f765f20}, {sa_handler=SIG_DFL, sa_mask=[], sa_flags=SA_RESTORER, sa_restorer=0x7f725f765f20}, 8) = 0
rt_sigaction(SIGINT, {sa_handler=SIG_DFL, sa_mask=[], sa_flags=SA_RESTORER, sa_restorer=0x7f725f765f20}, {sa_handler=0x55a874e51030, sa_mask=[], sa_flags=SA_RESTORER, sa_restorer=0x7f725f765f20}, 8) = 0
rt_sigprocmask(SIG_SETMASK, [], NULL, 8) = 0
rt_sigprocmask(SIG_BLOCK, NULL, [], 8)  = 0
pipe([3, 4])                            = 0
rt_sigprocmask(SIG_BLOCK, [CHLD], [], 8) = 0
rt_sigprocmask(SIG_SETMASK, [], NULL, 8) = 0
rt_sigprocmask(SIG_BLOCK, [INT CHLD], [], 8) = 0
clone(child_stack=NULL, flags=CLONE_CHILD_CLEARTID|CLONE_CHILD_SETTID|SIGCHLD, child_tidptr=0x7f7260132a10) = 2827
rt_sigprocmask(SIG_SETMASK, [], NULL, 8) = 0
rt_sigaction(SIGCHLD, {sa_handler=0x55a874e54660, sa_mask=[], sa_flags=SA_RESTORER|SA_RESTART, sa_restorer=0x7f725f765f20}, {sa_handler=0x55a874e54660, sa_mask=[], sa_flags=SA_RESTORER|SA_RESTART, sa_restorer=0x7f725f765f20}, 8) = 0
close(4)                                = 0
read(3, "11\n", 128)                    = 3
read(3, "", 128)                        = 0
--- SIGCHLD {si_signo=SIGCHLD, si_code=CLD_EXITED, si_pid=2827, si_uid=154307, si_status=0, si_utime=0, si_stime=0} ---
wait4(-1, [{WIFEXITED(s) && WEXITSTATUS(s) == 0}], WNOHANG, NULL) = 2827
wait4(-1, 0x7ffc96ccf390, WNOHANG, NULL) = -1 ECHILD (No child processes)
rt_sigreturn({mask=[]})                 = 0
close(3)                                = 0
rt_sigprocmask(SIG_BLOCK, [CHLD], [], 8) = 0
rt_sigaction(SIGINT, {sa_handler=0x55a874e51030, sa_mask=[], sa_flags=SA_RESTORER, sa_restorer=0x7f725f765f20}, {sa_handler=SIG_DFL, sa_mask=[], sa_flags=SA_RESTORER, sa_restorer=0x7f725f765f20}, 8) = 0
rt_sigaction(SIGINT, {sa_handler=SIG_DFL, sa_mask=[], sa_flags=SA_RESTORER, sa_restorer=0x7f725f765f20}, {sa_handler=0x55a874e51030, sa_mask=[], sa_flags=SA_RESTORER, sa_restorer=0x7f725f765f20}, 8) = 0
rt_sigprocmask(SIG_SETMASK, [], NULL, 8) = 0
rt_sigprocmask(SIG_BLOCK, NULL, [], 8)  = 0
rt_sigprocmask(SIG_BLOCK, NULL, [], 8)  = 0
pipe([3, 4])                            = 0
rt_sigprocmask(SIG_BLOCK, [CHLD], [], 8) = 0
rt_sigprocmask(SIG_SETMASK, [], NULL, 8) = 0
rt_sigprocmask(SIG_BLOCK, [INT CHLD], [], 8) = 0
clone(child_stack=NULL, flags=CLONE_CHILD_CLEARTID|CLONE_CHILD_SETTID|SIGCHLD, child_tidptr=0x7f7260132a10) = 2830
rt_sigprocmask(SIG_SETMASK, [], NULL, 8) = 0
rt_sigaction(SIGCHLD, {sa_handler=0x55a874e54660, sa_mask=[], sa_flags=SA_RESTORER|SA_RESTART, sa_restorer=0x7f725f765f20}, {sa_handler=0x55a874e54660, sa_mask=[], sa_flags=SA_RESTORER|SA_RESTART, sa_restorer=0x7f725f765f20}, 8) = 0
close(4)                                = 0
read(3, "\n", 128)                      = 1
read(3, "", 128)                        = 0
--- SIGCHLD {si_signo=SIGCHLD, si_code=CLD_EXITED, si_pid=2830, si_uid=154307, si_status=0, si_utime=0, si_stime=0} ---
wait4(-1, [{WIFEXITED(s) && WEXITSTATUS(s) == 0}], WNOHANG, NULL) = 2830
wait4(-1, 0x7ffc96ccfd90, WNOHANG, NULL) = -1 ECHILD (No child processes)
rt_sigreturn({mask=[]})                 = 0
close(3)                                = 0
rt_sigprocmask(SIG_BLOCK, [CHLD], [], 8) = 0
rt_sigaction(SIGINT, {sa_handler=0x55a874e51030, sa_mask=[], sa_flags=SA_RESTORER, sa_restorer=0x7f725f765f20}, {sa_handler=SIG_DFL, sa_mask=[], sa_flags=SA_RESTORER, sa_restorer=0x7f725f765f20}, 8) = 0
rt_sigaction(SIGINT, {sa_handler=SIG_DFL, sa_mask=[], sa_flags=SA_RESTORER, sa_restorer=0x7f725f765f20}, {sa_handler=0x55a874e51030, sa_mask=[], sa_flags=SA_RESTORER, sa_restorer=0x7f725f765f20}, 8) = 0
rt_sigprocmask(SIG_SETMASK, [], NULL, 8) = 0
stat(".", {st_mode=S_IFDIR|0755, st_size=4096, ...}) = 0
stat("/home/pmehlitz/anaconda3/bin/java", 0x7ffc96cd0300) = -1 ENOENT (No such file or directory)
stat("/home/pmehlitz/bin/java", 0x7ffc96cd0300) = -1 ENOENT (No such file or directory)
stat("/home/pmehlitz/.cargo/bin/java", 0x7ffc96cd0300) = -1 ENOENT (No such file or directory)
stat("/usr/local/sbin/java", 0x7ffc96cd0300) = -1 ENOENT (No such file or directory)
stat("/usr/local/bin/java", 0x7ffc96cd0300) = -1 ENOENT (No such file or directory)
stat("/usr/sbin/java", 0x7ffc96cd0300)  = -1 ENOENT (No such file or directory)
stat("/usr/bin/java", {st_mode=S_IFREG|0755, st_size=10296, ...}) = 0
stat("/usr/bin/java", {st_mode=S_IFREG|0755, st_size=10296, ...}) = 0
geteuid()                               = 154307
getegid()                               = 66053
getuid()                                = 154307
getgid()                                = 66053
access("/usr/bin/java", X_OK)           = 0
stat("/usr/bin/java", {st_mode=S_IFREG|0755, st_size=10296, ...}) = 0
geteuid()                               = 154307
getegid()                               = 66053
getuid()                                = 154307
getgid()                                = 66053
access("/usr/bin/java", R_OK)           = 0
stat("/usr/bin/java", {st_mode=S_IFREG|0755, st_size=10296, ...}) = 0
stat("/usr/bin/java", {st_mode=S_IFREG|0755, st_size=10296, ...}) = 0
geteuid()                               = 154307
getegid()                               = 66053
getuid()                                = 154307
getgid()                                = 66053
access("/usr/bin/java", X_OK)           = 0
stat("/usr/bin/java", {st_mode=S_IFREG|0755, st_size=10296, ...}) = 0
geteuid()                               = 154307
getegid()                               = 66053
getuid()                                = 154307
getgid()                                = 66053
access("/usr/bin/java", R_OK)           = 0
brk(0x55a8770d5000)                     = 0x55a8770d5000
rt_sigaction(SIGINT, {sa_handler=SIG_DFL, sa_mask=[], sa_flags=SA_RESTORER, sa_restorer=0x7f725f765f20}, {sa_handler=SIG_DFL, sa_mask=[], sa_flags=SA_RESTORER, sa_restorer=0x7f725f765f20}, 8) = 0
rt_sigaction(SIGQUIT, {sa_handler=SIG_DFL, sa_mask=[], sa_flags=SA_RESTORER, sa_restorer=0x7f725f765f20}, {sa_handler=SIG_IGN, sa_mask=[], sa_flags=SA_RESTORER, sa_restorer=0x7f725f765f20}, 8) = 0
rt_sigaction(SIGCHLD, {sa_handler=SIG_DFL, sa_mask=[], sa_flags=SA_RESTORER|SA_RESTART, sa_restorer=0x7f725f765f20}, {sa_handler=0x55a874e54660, sa_mask=[], sa_flags=SA_RESTORER|SA_RESTART, sa_restorer=0x7f725f765f20}, 8) = 0
execve("/usr/bin/java", ["java", "-cp", "", "-jar", "/home/pmehlitz/projects/race/rac"..., "config/local/aircraft-ww.conf"], 0x55a8770b41e0 /* 70 vars */) = 0
brk(NULL)                               = 0x555b44f3f000
access("/etc/ld.so.nohwcap", F_OK)      = -1 ENOENT (No such file or directory)
readlink("/proc/self/exe", "/usr/lib/jvm/java-11-openjdk-amd"..., 4096) = 43
access("/etc/ld.so.preload", R_OK)      = -1 ENOENT (No such file or directory)
openat(AT_FDCWD, "/usr/lib/jvm/java-11-openjdk-amd64/bin/../lib/jli/tls/haswell/x86_64/libjli.so", O_RDONLY|O_CLOEXEC) = -1 ENOENT (No such file or directory)
stat("/usr/lib/jvm/java-11-openjdk-amd64/bin/../lib/jli/tls/haswell/x86_64", 0x7ffcb2f21990) = -1 ENOENT (No such file or directory)
openat(AT_FDCWD, "/usr/lib/jvm/java-11-openjdk-amd64/bin/../lib/jli/tls/haswell/libjli.so", O_RDONLY|O_CLOEXEC) = -1 ENOENT (No such file or directory)
stat("/usr/lib/jvm/java-11-openjdk-amd64/bin/../lib/jli/tls/haswell", 0x7ffcb2f21990) = -1 ENOENT (No such file or directory)
openat(AT_FDCWD, "/usr/lib/jvm/java-11-openjdk-amd64/bin/../lib/jli/tls/x86_64/libjli.so", O_RDONLY|O_CLOEXEC) = -1 ENOENT (No such file or directory)
stat("/usr/lib/jvm/java-11-openjdk-amd64/bin/../lib/jli/tls/x86_64", 0x7ffcb2f21990) = -1 ENOENT (No such file or directory)
openat(AT_FDCWD, "/usr/lib/jvm/java-11-openjdk-amd64/bin/../lib/jli/tls/libjli.so", O_RDONLY|O_CLOEXEC) = -1 ENOENT (No such file or directory)
stat("/usr/lib/jvm/java-11-openjdk-amd64/bin/../lib/jli/tls", 0x7ffcb2f21990) = -1 ENOENT (No such file or directory)
openat(AT_FDCWD, "/usr/lib/jvm/java-11-openjdk-amd64/bin/../lib/jli/haswell/x86_64/libjli.so", O_RDONLY|O_CLOEXEC) = -1 ENOENT (No such file or directory)
stat("/usr/lib/jvm/java-11-openjdk-amd64/bin/../lib/jli/haswell/x86_64", 0x7ffcb2f21990) = -1 ENOENT (No such file or directory)
openat(AT_FDCWD, "/usr/lib/jvm/java-11-openjdk-amd64/bin/../lib/jli/haswell/libjli.so", O_RDONLY|O_CLOEXEC) = -1 ENOENT (No such file or directory)
stat("/usr/lib/jvm/java-11-openjdk-amd64/bin/../lib/jli/haswell", 0x7ffcb2f21990) = -1 ENOENT (No such file or directory)
openat(AT_FDCWD, "/usr/lib/jvm/java-11-openjdk-amd64/bin/../lib/jli/x86_64/libjli.so", O_RDONLY|O_CLOEXEC) = -1 ENOENT (No such file or directory)
stat("/usr/lib/jvm/java-11-openjdk-amd64/bin/../lib/jli/x86_64", 0x7ffcb2f21990) = -1 ENOENT (No such file or directory)
openat(AT_FDCWD, "/usr/lib/jvm/java-11-openjdk-amd64/bin/../lib/jli/libjli.so", O_RDONLY|O_CLOEXEC) = 3
read(3, "\177ELF\2\1\1\0\0\0\0\0\0\0\0\0\3\0>\0\1\0\0\0\0'\0\0\0\0\0\0"..., 832) = 832
mmap(NULL, 8192, PROT_READ|PROT_WRITE, MAP_PRIVATE|MAP_ANONYMOUS, -1, 0) = 0x7fe8b5bb7000
fstat(3, {st_mode=S_IFREG|0644, st_size=68296, ...}) = 0
mmap(NULL, 2163624, PROT_READ|PROT_EXEC, MAP_PRIVATE|MAP_DENYWRITE, 3, 0) = 0x7fe8b5781000
mprotect(0x7fe8b5790000, 2097152, PROT_NONE) = 0
mmap(0x7fe8b5990000, 8192, PROT_READ|PROT_WRITE, MAP_PRIVATE|MAP_FIXED|MAP_DENYWRITE, 3, 0xf000) = 0x7fe8b5990000
close(3)                                = 0
openat(AT_FDCWD, "/usr/lib/jvm/java-11-openjdk-amd64/bin/../lib/jli/libc.so.6", O_RDONLY|O_CLOEXEC) = -1 ENOENT (No such file or directory)
openat(AT_FDCWD, "/usr/lib/jvm/java-11-openjdk-amd64/bin/../lib/tls/haswell/x86_64/libc.so.6", O_RDONLY|O_CLOEXEC) = -1 ENOENT (No such file or directory)
stat("/usr/lib/jvm/java-11-openjdk-amd64/bin/../lib/tls/haswell/x86_64", 0x7ffcb2f21960) = -1 ENOENT (No such file or directory)
openat(AT_FDCWD, "/usr/lib/jvm/java-11-openjdk-amd64/bin/../lib/tls/haswell/libc.so.6", O_RDONLY|O_CLOEXEC) = -1 ENOENT (No such file or directory)
stat("/usr/lib/jvm/java-11-openjdk-amd64/bin/../lib/tls/haswell", 0x7ffcb2f21960) = -1 ENOENT (No such file or directory)
openat(AT_FDCWD, "/usr/lib/jvm/java-11-openjdk-amd64/bin/../lib/tls/x86_64/libc.so.6", O_RDONLY|O_CLOEXEC) = -1 ENOENT (No such file or directory)
stat("/usr/lib/jvm/java-11-openjdk-amd64/bin/../lib/tls/x86_64", 0x7ffcb2f21960) = -1 ENOENT (No such file or directory)
openat(AT_FDCWD, "/usr/lib/jvm/java-11-openjdk-amd64/bin/../lib/tls/libc.so.6", O_RDONLY|O_CLOEXEC) = -1 ENOENT (No such file or directory)
stat("/usr/lib/jvm/java-11-openjdk-amd64/bin/../lib/tls", 0x7ffcb2f21960) = -1 ENOENT (No such file or directory)
openat(AT_FDCWD, "/usr/lib/jvm/java-11-openjdk-amd64/bin/../lib/haswell/x86_64/libc.so.6", O_RDONLY|O_CLOEXEC) = -1 ENOENT (No such file or directory)
stat("/usr/lib/jvm/java-11-openjdk-amd64/bin/../lib/haswell/x86_64", 0x7ffcb2f21960) = -1 ENOENT (No such file or directory)
openat(AT_FDCWD, "/usr/lib/jvm/java-11-openjdk-amd64/bin/../lib/haswell/libc.so.6", O_RDONLY|O_CLOEXEC) = -1 ENOENT (No such file or directory)
stat("/usr/lib/jvm/java-11-openjdk-amd64/bin/../lib/haswell", 0x7ffcb2f21960) = -1 ENOENT (No such file or directory)
openat(AT_FDCWD, "/usr/lib/jvm/java-11-openjdk-amd64/bin/../lib/x86_64/libc.so.6", O_RDONLY|O_CLOEXEC) = -1 ENOENT (No such file or directory)
stat("/usr/lib/jvm/java-11-openjdk-amd64/bin/../lib/x86_64", 0x7ffcb2f21960) = -1 ENOENT (No such file or directory)
openat(AT_FDCWD, "/usr/lib/jvm/java-11-openjdk-amd64/bin/../lib/libc.so.6", O_RDONLY|O_CLOEXEC) = -1 ENOENT (No such file or directory)
stat("/usr/lib/jvm/java-11-openjdk-amd64/bin/../lib", {st_mode=S_IFDIR|0755, st_size=4096, ...}) = 0
openat(AT_FDCWD, "/etc/ld.so.cache", O_RDONLY|O_CLOEXEC) = 3
fstat(3, {st_mode=S_IFREG|0644, st_size=217755, ...}) = 0
mmap(NULL, 217755, PROT_READ, MAP_PRIVATE, 3, 0) = 0x7fe8b5b81000
close(3)                                = 0
access("/etc/ld.so.nohwcap", F_OK)      = -1 ENOENT (No such file or directory)
openat(AT_FDCWD, "/lib/x86_64-linux-gnu/libc.so.6", O_RDONLY|O_CLOEXEC) = 3
read(3, "\177ELF\2\1\1\3\0\0\0\0\0\0\0\0\3\0>\0\1\0\0\0\260\34\2\0\0\0\0\0"..., 832) = 832
fstat(3, {st_mode=S_IFREG|0755, st_size=2030544, ...}) = 0
mmap(NULL, 4131552, PROT_READ|PROT_EXEC, MAP_PRIVATE|MAP_DENYWRITE, 3, 0) = 0x7fe8b5390000
mprotect(0x7fe8b5577000, 2097152, PROT_NONE) = 0
mmap(0x7fe8b5777000, 24576, PROT_READ|PROT_WRITE, MAP_PRIVATE|MAP_FIXED|MAP_DENYWRITE, 3, 0x1e7000) = 0x7fe8b5777000
mmap(0x7fe8b577d000, 15072, PROT_READ|PROT_WRITE, MAP_PRIVATE|MAP_FIXED|MAP_ANONYMOUS, -1, 0) = 0x7fe8b577d000
close(3)                                = 0
openat(AT_FDCWD, "/usr/lib/jvm/java-11-openjdk-amd64/bin/../lib/jli/libz.so.1", O_RDONLY|O_CLOEXEC) = -1 ENOENT (No such file or directory)
openat(AT_FDCWD, "/usr/lib/jvm/java-11-openjdk-amd64/bin/../lib/jli/../tls/haswell/x86_64/libz.so.1", O_RDONLY|O_CLOEXEC) = -1 ENOENT (No such file or directory)
stat("/usr/lib/jvm/java-11-openjdk-amd64/bin/../lib/jli/../tls/haswell/x86_64", 0x7ffcb2f21800) = -1 ENOENT (No such file or directory)
openat(AT_FDCWD, "/usr/lib/jvm/java-11-openjdk-amd64/bin/../lib/jli/../tls/haswell/libz.so.1", O_RDONLY|O_CLOEXEC) = -1 ENOENT (No such file or directory)
stat("/usr/lib/jvm/java-11-openjdk-amd64/bin/../lib/jli/../tls/haswell", 0x7ffcb2f21800) = -1 ENOENT (No such file or directory)
openat(AT_FDCWD, "/usr/lib/jvm/java-11-openjdk-amd64/bin/../lib/jli/../tls/x86_64/libz.so.1", O_RDONLY|O_CLOEXEC) = -1 ENOENT (No such file or directory)
stat("/usr/lib/jvm/java-11-openjdk-amd64/bin/../lib/jli/../tls/x86_64", 0x7ffcb2f21800) = -1 ENOENT (No such file or directory)
openat(AT_FDCWD, "/usr/lib/jvm/java-11-openjdk-amd64/bin/../lib/jli/../tls/libz.so.1", O_RDONLY|O_CLOEXEC) = -1 ENOENT (No such file or directory)
stat("/usr/lib/jvm/java-11-openjdk-amd64/bin/../lib/jli/../tls", 0x7ffcb2f21800) = -1 ENOENT (No such file or directory)
openat(AT_FDCWD, "/usr/lib/jvm/java-11-openjdk-amd64/bin/../lib/jli/../haswell/x86_64/libz.so.1", O_RDONLY|O_CLOEXEC) = -1 ENOENT (No such file or directory)
stat("/usr/lib/jvm/java-11-openjdk-amd64/bin/../lib/jli/../haswell/x86_64", 0x7ffcb2f21800) = -1 ENOENT (No such file or directory)
openat(AT_FDCWD, "/usr/lib/jvm/java-11-openjdk-amd64/bin/../lib/jli/../haswell/libz.so.1", O_RDONLY|O_CLOEXEC) = -1 ENOENT (No such file or directory)
stat("/usr/lib/jvm/java-11-openjdk-amd64/bin/../lib/jli/../haswell", 0x7ffcb2f21800) = -1 ENOENT (No such file or directory)
openat(AT_FDCWD, "/usr/lib/jvm/java-11-openjdk-amd64/bin/../lib/jli/../x86_64/libz.so.1", O_RDONLY|O_CLOEXEC) = -1 ENOENT (No such file or directory)
stat("/usr/lib/jvm/java-11-openjdk-amd64/bin/../lib/jli/../x86_64", 0x7ffcb2f21800) = -1 ENOENT (No such file or directory)
openat(AT_FDCWD, "/usr/lib/jvm/java-11-openjdk-amd64/bin/../lib/jli/../libz.so.1", O_RDONLY|O_CLOEXEC) = -1 ENOENT (No such file or directory)
stat("/usr/lib/jvm/java-11-openjdk-amd64/bin/../lib/jli/..", {st_mode=S_IFDIR|0755, st_size=4096, ...}) = 0
access("/etc/ld.so.nohwcap", F_OK)      = -1 ENOENT (No such file or directory)
openat(AT_FDCWD, "/lib/x86_64-linux-gnu/libz.so.1", O_RDONLY|O_CLOEXEC) = 3
read(3, "\177ELF\2\1\1\0\0\0\0\0\0\0\0\0\3\0>\0\1\0\0\0\220\37\0\0\0\0\0\0"..., 832) = 832
fstat(3, {st_mode=S_IFREG|0644, st_size=116960, ...}) = 0
mmap(NULL, 2212016, PROT_READ|PROT_EXEC, MAP_PRIVATE|MAP_DENYWRITE, 3, 0) = 0x7fe8b5173000
mprotect(0x7fe8b518f000, 2093056, PROT_NONE) = 0
mmap(0x7fe8b538e000, 8192, PROT_READ|PROT_WRITE, MAP_PRIVATE|MAP_FIXED|MAP_DENYWRITE, 3, 0x1b000) = 0x7fe8b538e000
close(3)                                = 0
openat(AT_FDCWD, "/usr/lib/jvm/java-11-openjdk-amd64/bin/../lib/jli/libdl.so.2", O_RDONLY|O_CLOEXEC) = -1 ENOENT (No such file or directory)
openat(AT_FDCWD, "/usr/lib/jvm/java-11-openjdk-amd64/bin/../lib/jli/../libdl.so.2", O_RDONLY|O_CLOEXEC) = -1 ENOENT (No such file or directory)
access("/etc/ld.so.nohwcap", F_OK)      = -1 ENOENT (No such file or directory)
openat(AT_FDCWD, "/lib/x86_64-linux-gnu/libdl.so.2", O_RDONLY|O_CLOEXEC) = 3
read(3, "\177ELF\2\1\1\0\0\0\0\0\0\0\0\0\3\0>\0\1\0\0\0P\16\0\0\0\0\0\0"..., 832) = 832
fstat(3, {st_mode=S_IFREG|0644, st_size=14560, ...}) = 0
mmap(NULL, 2109712, PROT_READ|PROT_EXEC, MAP_PRIVATE|MAP_DENYWRITE, 3, 0) = 0x7fe8b4f6f000
mprotect(0x7fe8b4f72000, 2093056, PROT_NONE) = 0
mmap(0x7fe8b5171000, 8192, PROT_READ|PROT_WRITE, MAP_PRIVATE|MAP_FIXED|MAP_DENYWRITE, 3, 0x2000) = 0x7fe8b5171000
close(3)                                = 0
openat(AT_FDCWD, "/usr/lib/jvm/java-11-openjdk-amd64/bin/../lib/jli/libpthread.so.0", O_RDONLY|O_CLOEXEC) = -1 ENOENT (No such file or directory)
openat(AT_FDCWD, "/usr/lib/jvm/java-11-openjdk-amd64/bin/../lib/jli/../libpthread.so.0", O_RDONLY|O_CLOEXEC) = -1 ENOENT (No such file or directory)
access("/etc/ld.so.nohwcap", F_OK)      = -1 ENOENT (No such file or directory)
openat(AT_FDCWD, "/lib/x86_64-linux-gnu/libpthread.so.0", O_RDONLY|O_CLOEXEC) = 3
read(3, "\177ELF\2\1\1\0\0\0\0\0\0\0\0\0\3\0>\0\1\0\0\0000b\0\0\0\0\0\0"..., 832) = 832
fstat(3, {st_mode=S_IFREG|0755, st_size=144976, ...}) = 0
mmap(NULL, 2221184, PROT_READ|PROT_EXEC, MAP_PRIVATE|MAP_DENYWRITE, 3, 0) = 0x7fe8b4d50000
mprotect(0x7fe8b4d6a000, 2093056, PROT_NONE) = 0
mmap(0x7fe8b4f69000, 8192, PROT_READ|PROT_WRITE, MAP_PRIVATE|MAP_FIXED|MAP_DENYWRITE, 3, 0x19000) = 0x7fe8b4f69000
mmap(0x7fe8b4f6b000, 13440, PROT_READ|PROT_WRITE, MAP_PRIVATE|MAP_FIXED|MAP_ANONYMOUS, -1, 0) = 0x7fe8b4f6b000
close(3)                                = 0
mmap(NULL, 8192, PROT_READ|PROT_WRITE, MAP_PRIVATE|MAP_ANONYMOUS, -1, 0) = 0x7fe8b5b7f000
arch_prctl(ARCH_SET_FS, 0x7fe8b5b80380) = 0
mprotect(0x7fe8b5777000, 16384, PROT_READ) = 0
mprotect(0x7fe8b4f69000, 4096, PROT_READ) = 0
mprotect(0x7fe8b5171000, 4096, PROT_READ) = 0
mprotect(0x7fe8b538e000, 4096, PROT_READ) = 0
mprotect(0x7fe8b5990000, 4096, PROT_READ) = 0
mprotect(0x555b43b75000, 4096, PROT_READ) = 0
mprotect(0x7fe8b5bb9000, 4096, PROT_READ) = 0
munmap(0x7fe8b5b81000, 217755)          = 0
set_tid_address(0x7fe8b5b80650)         = 2777
set_robust_list(0x7fe8b5b80660, 24)     = 0
rt_sigaction(SIGRTMIN, {sa_handler=0x7fe8b4d55cb0, sa_mask=[], sa_flags=SA_RESTORER|SA_SIGINFO, sa_restorer=0x7fe8b4d62890}, NULL, 8) = 0
rt_sigaction(SIGRT_1, {sa_handler=0x7fe8b4d55d50, sa_mask=[], sa_flags=SA_RESTORER|SA_RESTART|SA_SIGINFO, sa_restorer=0x7fe8b4d62890}, NULL, 8) = 0
rt_sigprocmask(SIG_UNBLOCK, [RTMIN RT_1], NULL, 8) = 0
prlimit64(0, RLIMIT_STACK, NULL, {rlim_cur=8192*1024, rlim_max=RLIM64_INFINITY}) = 0
brk(NULL)                               = 0x555b44f3f000
brk(0x555b44f60000)                     = 0x555b44f60000
openat(AT_FDCWD, "/home/pmehlitz/projects/race/race/target/universal/stage/lib/gov.nasa.race.race-1.5.5-launcher.jar", O_RDONLY) = 3
mmap(NULL, 200704, PROT_READ|PROT_WRITE, MAP_PRIVATE|MAP_ANONYMOUS, -1, 0) = 0x7fe8b5b86000
lseek(3, -22, SEEK_END)                 = 1549
read(3, "PK\5\6\0\0\0\0\1\0\1\0F\0\0\0\307\5\0\0\0\0", 22) = 22
lseek(3, 1479, SEEK_SET)                = 1479
read(3, "PK\1\2\24\0\24\0\10\10\10\0\225~\227N\311\20\v\236\201\5\0\0-\23\0\0\24\0\4\0"..., 46) = 46
lseek(3, 0, SEEK_SET)                   = 0
read(3, "PK\3\4\24\0\10\10\10\0\225~\227N\0\0\0\0\0\0\0\0\0\0\0\0\24\0\4\0", 30) = 30
lseek(3, 1479, SEEK_SET)                = 1479
read(3, "PK\1\2\24\0\24\0\10\10\10\0\225~\227N\311\20\v\236\201\5\0\0-\23\0\0\24\0\4\0"..., 1024) = 92
lseek(3, 0, SEEK_SET)                   = 0
read(3, "PK\3\4\24\0\10\10\10\0\225~\227N\0\0\0\0\0\0\0\0\0\0\0\0\24\0\4\0", 30) = 30
munmap(0x7fe8b5b86000, 200704)          = 0
lseek(3, 54, SEEK_SET)                  = 54
read(3, "\225X\333n\3438\f}/\320\177\230\37\220\20'M\247\235\327\1\366m\201}\332\327\202\261e[\211"..., 1409) = 1409
close(3)                                = 0
readlink("/proc/self/exe", "/usr/lib/jvm/java-11-openjdk-amd"..., 4096) = 43
access("/usr/lib/jvm/java-11-openjdk-amd64/lib/libjava.so", F_OK) = 0
openat(AT_FDCWD, "/usr/lib/jvm/java-11-openjdk-amd64/lib/jvm.cfg", O_RDONLY) = 3
fstat(3, {st_mode=S_IFREG|0644, st_size=41, ...}) = 0
read(3, "-server KNOWN\n-client IGNORE\n-ze"..., 4096) = 41
read(3, "", 4096)                       = 0
close(3)                                = 0
stat("/usr/lib/jvm/java-11-openjdk-amd64/lib/server/libjvm.so", {st_mode=S_IFREG|0644, st_size=18613872, ...}) = 0
futex(0x7fe8b51720c8, FUTEX_WAKE_PRIVATE, 2147483647) = 0
openat(AT_FDCWD, "/usr/lib/jvm/java-11-openjdk-amd64/lib/server/libjvm.so", O_RDONLY|O_CLOEXEC) = 3
read(3, "\177ELF\2\1\1\3\0\0\0\0\0\0\0\0\3\0>\0\1\0\0\0000\333&\0\0\0\0\0"..., 832) = 832
fstat(3, {st_mode=S_IFREG|0644, st_size=18613872, ...}) = 0
mmap(NULL, 21060696, PROT_READ|PROT_EXEC, MAP_PRIVATE|MAP_DENYWRITE, 3, 0) = 0x7fe8b393a000
mprotect(0x7fe8b4a05000, 2093056, PROT_NONE) = 0
mmap(0x7fe8b4c04000, 1007616, PROT_READ|PROT_WRITE, MAP_PRIVATE|MAP_FIXED|MAP_DENYWRITE, 3, 0x10ca000) = 0x7fe8b4c04000
mmap(0x7fe8b4cfa000, 351320, PROT_READ|PROT_WRITE, MAP_PRIVATE|MAP_FIXED|MAP_ANONYMOUS, -1, 0) = 0x7fe8b4cfa000
close(3)                                = 0
openat(AT_FDCWD, "/etc/ld.so.cache", O_RDONLY|O_CLOEXEC) = 3
fstat(3, {st_mode=S_IFREG|0644, st_size=217755, ...}) = 0
mmap(NULL, 217755, PROT_READ, MAP_PRIVATE, 3, 0) = 0x7fe8b5b81000
close(3)                                = 0
access("/etc/ld.so.nohwcap", F_OK)      = -1 ENOENT (No such file or directory)
openat(AT_FDCWD, "/usr/lib/x86_64-linux-gnu/libstdc++.so.6", O_RDONLY|O_CLOEXEC) = 3
read(3, "\177ELF\2\1\1\3\0\0\0\0\0\0\0\0\3\0>\0\1\0\0\0\360\303\10\0\0\0\0\0"..., 832) = 832
fstat(3, {st_mode=S_IFREG|0644, st_size=1594832, ...}) = 0
mmap(NULL, 3702816, PROT_READ|PROT_EXEC, MAP_PRIVATE|MAP_DENYWRITE, 3, 0) = 0x7fe8b35b1000
mprotect(0x7fe8b372a000, 2097152, PROT_NONE) = 0
mmap(0x7fe8b392a000, 49152, PROT_READ|PROT_WRITE, MAP_PRIVATE|MAP_FIXED|MAP_DENYWRITE, 3, 0x179000) = 0x7fe8b392a000
mmap(0x7fe8b3936000, 12320, PROT_READ|PROT_WRITE, MAP_PRIVATE|MAP_FIXED|MAP_ANONYMOUS, -1, 0) = 0x7fe8b3936000
close(3)                                = 0
access("/etc/ld.so.nohwcap", F_OK)      = -1 ENOENT (No such file or directory)
openat(AT_FDCWD, "/lib/x86_64-linux-gnu/libm.so.6", O_RDONLY|O_CLOEXEC) = 3
read(3, "\177ELF\2\1\1\3\0\0\0\0\0\0\0\0\3\0>\0\1\0\0\0\200\272\0\0\0\0\0\0"..., 832) = 832
fstat(3, {st_mode=S_IFREG|0644, st_size=1700792, ...}) = 0
mmap(NULL, 3789144, PROT_READ|PROT_EXEC, MAP_PRIVATE|MAP_DENYWRITE, 3, 0) = 0x7fe8b3213000
mprotect(0x7fe8b33b0000, 2093056, PROT_NONE) = 0
mmap(0x7fe8b35af000, 8192, PROT_READ|PROT_WRITE, MAP_PRIVATE|MAP_FIXED|MAP_DENYWRITE, 3, 0x19c000) = 0x7fe8b35af000
close(3)                                = 0
access("/etc/ld.so.nohwcap", F_OK)      = -1 ENOENT (No such file or directory)
openat(AT_FDCWD, "/lib/x86_64-linux-gnu/libgcc_s.so.1", O_RDONLY|O_CLOEXEC) = 3
read(3, "\177ELF\2\1\1\0\0\0\0\0\0\0\0\0\3\0>\0\1\0\0\0\300*\0\0\0\0\0\0"..., 832) = 832
fstat(3, {st_mode=S_IFREG|0644, st_size=96616, ...}) = 0
mmap(NULL, 2192432, PROT_READ|PROT_EXEC, MAP_PRIVATE|MAP_DENYWRITE, 3, 0) = 0x7fe8b2ffb000
mprotect(0x7fe8b3012000, 2093056, PROT_NONE) = 0
mmap(0x7fe8b3211000, 8192, PROT_READ|PROT_WRITE, MAP_PRIVATE|MAP_FIXED|MAP_DENYWRITE, 3, 0x16000) = 0x7fe8b3211000
close(3)                                = 0
mprotect(0x7fe8b3211000, 4096, PROT_READ) = 0
mprotect(0x7fe8b35af000, 4096, PROT_READ) = 0
mprotect(0x7fe8b392a000, 40960, PROT_READ) = 0
mprotect(0x7fe8b4c04000, 774144, PROT_READ) = 0
getpid()                                = 2777
munmap(0x7fe8b5b81000, 217755)          = 0
getpid()                                = 2777
mmap(NULL, 1052672, PROT_READ|PROT_WRITE, MAP_PRIVATE|MAP_ANONYMOUS|MAP_STACK, -1, 0) = 0x7fe8b5a7e000
clone(child_stack=0x7fe8b5b7dfb0, flags=CLONE_VM|CLONE_FS|CLONE_FILES|CLONE_SIGHAND|CLONE_THREAD|CLONE_SYSVSEM|CLONE_SETTLS|CLONE_PARENT_SETTID|CLONE_CHILD_CLEARTID, parent_tidptr=0x7fe8b5b7e9d0, tls=0x7fe8b5b7e700, child_tidptr=0x7fe8b5b7e9d0) = 2833
futex(0x7fe8b5b7e9d0, FUTEX_WAIT, 2833, NULL) = ?
+++ exited with 127 +++
